GROUP,PACKAGE,CLASS,INSTRUCTION_MISSED,INSTRUCTION_COVERED,BRANCH_MISSED,BRANCH_COVERED,LINE_MISSED,LINE_COVERED,COMPLEXITY_MISSED,COMPLEXITY_COVERED,METHOD_MISSED,METHOD_COVERED
Simulado,br.insper.Simulado.jogador,JogadorService,92,7,14,0,16,2,9,2,2,2
Simulado,br.insper.Simulado.jogador,Jogador,48,8,0,0,18,3,9,1,9,1
Simulado,br.insper.Simulado.jogador,JogadorController,15,3,0,0,3,1,3,1,3,1
Simulado,br.insper.Simulado.time,TimeService,12,3,0,0,2,1,1,1,1,1
Simulado,br.insper.Simulado.time,Time,50,3,0,0,21,2,11,1,11,1
Simulado,br.insper.Simulado.time,TimeNaoEncontradaException,4,0,0,0,2,0,1,0,1,0
Simulado,br.insper.Simulado.common,Erro,24,0,0,0,10,0,7,0,7,0
Simulado,br.insper.Simulado,SimuladoApplication,5,3,0,0,2,1,1,1,1,1
